<?xml version="1.0" encoding="UTF-8"?>
<testng-results skipped="0" failed="0" total="1" passed="1">
  <reporter-output>
  </reporter-output>
  <suite name="Suite" duration-ms="11782" started-at="2017-05-17T17:04:46Z" finished-at="2017-05-17T17:04:58Z">
    <groups>
      <group name="KineticSkunk">
        <method signature="ChromeDriverFactoryTestNG.verifyTitle()[pri:0, instance:com.kineticskunk.auto.webdriverfactory.ChromeDriverFactoryTestNG@48e92c5c]" name="verifyTitle" class="com.kineticskunk.auto.webdriverfactory.ChromeDriverFactoryTestNG"/>
      </group> <!-- KineticSkunk -->
    </groups>
    <test name="Chrome_Driver" duration-ms="11782" started-at="2017-05-17T17:04:46Z" finished-at="2017-05-17T17:04:58Z">
      <class name="com.kineticskunk.auto.webdriverfactory.ChromeDriverFactoryTestNG">
        <test-method status="PASS" signature="setDriver(java.lang.String)[pri:0, instance:com.kineticskunk.auto.webdriverfactory.ChromeDriverFactoryTestNG@48e92c5c]" name="setDriver" is-config="true" duration-ms="1425" started-at="2017-05-17T19:04:46Z" finished-at="2017-05-17T19:04:48Z">
          <params>
            <param index="0">
              <value>
                <![CDATA[chrome]]>
              </value>
            </param>
          </params>
          <reporter-output>
          </reporter-output>
        </test-method> <!-- setDriver -->
        <test-method status="PASS" signature="beforeChromeDriverFactoryTestNG()[pri:0, instance:com.kineticskunk.auto.webdriverfactory.ChromeDriverFactoryTestNG@48e92c5c]" name="beforeChromeDriverFactoryTestNG" is-config="true" duration-ms="1" started-at="2017-05-17T19:04:48Z" finished-at="2017-05-17T19:04:48Z">
          <reporter-output>
          </reporter-output>
        </test-method> <!-- beforeChromeDriverFactoryTestNG -->
        <test-method status="PASS" signature="beforeKineticSkunk()[pri:0, instance:com.kineticskunk.auto.webdriverfactory.ChromeDriverFactoryTestNG@48e92c5c]" name="beforeKineticSkunk" is-config="true" duration-ms="4709" started-at="2017-05-17T19:04:48Z" finished-at="2017-05-17T19:04:53Z">
          <reporter-output>
          </reporter-output>
        </test-method> <!-- beforeKineticSkunk -->
        <test-method status="PASS" signature="verifyTitle()[pri:0, instance:com.kineticskunk.auto.webdriverfactory.ChromeDriverFactoryTestNG@48e92c5c]" name="verifyTitle" duration-ms="5500" started-at="2017-05-17T19:04:53Z" finished-at="2017-05-17T19:04:58Z">
          <reporter-output>
          </reporter-output>
        </test-method> <!-- verifyTitle -->
        <test-method status="PASS" signature="afterChromeDriverFactoryTestNG()[pri:0, instance:com.kineticskunk.auto.webdriverfactory.ChromeDriverFactoryTestNG@48e92c5c]" name="afterChromeDriverFactoryTestNG" is-config="true" duration-ms="106" started-at="2017-05-17T19:04:58Z" finished-at="2017-05-17T19:04:58Z">
          <reporter-output>
          </reporter-output>
        </test-method> <!-- afterChromeDriverFactoryTestNG -->
        <test-method status="PASS" signature="quitDriver()[pri:0, instance:com.kineticskunk.auto.webdriverfactory.ChromeDriverFactoryTestNG@48e92c5c]" name="quitDriver" is-config="true" duration-ms="31" started-at="2017-05-17T19:04:58Z" finished-at="2017-05-17T19:04:58Z">
          <reporter-output>
          </reporter-output>
        </test-method> <!-- quitDriver -->
      </class> <!-- com.kineticskunk.auto.webdriverfactory.ChromeDriverFactoryTestNG -->
    </test> <!-- Chrome_Driver -->
  </suite> <!-- Suite -->
</testng-results>
